<?xml version="1.0" encoding="UTF-8"?>
<testng-results skipped="0" failed="0" ignored="0" total="5" passed="5">
  <reporter-output>
  </reporter-output>
  <suite name="Default suite" duration-ms="74336" started-at="2017-10-23T15:41:47Z" finished-at="2017-10-23T15:43:01Z">
    <groups>
    </groups>
    <test name="Default test" duration-ms="74336" started-at="2017-10-23T15:41:47Z" finished-at="2017-10-23T15:43:01Z">
      <class name="com.flipkart.TestNG_TC.GettingProductPrice">
        <test-method status="PASS" signature="init()[pri:0, instance:com.flipkart.TestNG_TC.GettingProductPrice@59f99ea]" name="init" is-config="true" duration-ms="29165" started-at="2017-10-23T21:11:47Z" finished-at="2017-10-23T21:12:16Z">
          <reporter-output>
          </reporter-output>
        </test-method> <!-- init -->
        <test-method status="PASS" signature="price(java.lang.String)[pri:0, instance:com.flipkart.TestNG_TC.GettingProductPrice@59f99ea]" name="price" duration-ms="7801" started-at="2017-10-23T21:12:17Z" data-provider="productName" finished-at="2017-10-23T21:12:25Z">
          <params>
            <param index="0">
              <value>
                <![CDATA[S8]]>
              </value>
            </param>
          </params>
          <reporter-output>
          </reporter-output>
        </test-method> <!-- price -->
        <test-method status="PASS" signature="afterMethod()[pri:0, instance:com.flipkart.TestNG_TC.GettingProductPrice@59f99ea]" name="afterMethod" is-config="true" duration-ms="2289" started-at="2017-10-23T21:12:25Z" finished-at="2017-10-23T21:12:27Z">
          <reporter-output>
          </reporter-output>
        </test-method> <!-- afterMethod -->
        <test-method status="PASS" signature="price(java.lang.String)[pri:0, instance:com.flipkart.TestNG_TC.GettingProductPrice@59f99ea]" name="price" duration-ms="6878" started-at="2017-10-23T21:12:27Z" data-provider="productName" finished-at="2017-10-23T21:12:34Z">
          <params>
            <param index="0">
              <value>
                <![CDATA[Bottle]]>
              </value>
            </param>
          </params>
          <reporter-output>
          </reporter-output>
        </test-method> <!-- price -->
        <test-method status="PASS" signature="afterMethod()[pri:0, instance:com.flipkart.TestNG_TC.GettingProductPrice@59f99ea]" name="afterMethod" is-config="true" duration-ms="2232" started-at="2017-10-23T21:12:34Z" finished-at="2017-10-23T21:12:36Z">
          <reporter-output>
          </reporter-output>
        </test-method> <!-- afterMethod -->
        <test-method status="PASS" signature="price(java.lang.String)[pri:0, instance:com.flipkart.TestNG_TC.GettingProductPrice@59f99ea]" name="price" duration-ms="5742" started-at="2017-10-23T21:12:36Z" data-provider="productName" finished-at="2017-10-23T21:12:42Z">
          <params>
            <param index="0">
              <value>
                <![CDATA[T-Shirt]]>
              </value>
            </param>
          </params>
          <reporter-output>
          </reporter-output>
        </test-method> <!-- price -->
        <test-method status="PASS" signature="afterMethod()[pri:0, instance:com.flipkart.TestNG_TC.GettingProductPrice@59f99ea]" name="afterMethod" is-config="true" duration-ms="2682" started-at="2017-10-23T21:12:42Z" finished-at="2017-10-23T21:12:45Z">
          <reporter-output>
          </reporter-output>
        </test-method> <!-- afterMethod -->
        <test-method status="PASS" signature="price(java.lang.String)[pri:0, instance:com.flipkart.TestNG_TC.GettingProductPrice@59f99ea]" name="price" duration-ms="6359" started-at="2017-10-23T21:12:45Z" data-provider="productName" finished-at="2017-10-23T21:12:51Z">
          <params>
            <param index="0">
              <value>
                <![CDATA[iPhone 7]]>
              </value>
            </param>
          </params>
          <reporter-output>
          </reporter-output>
        </test-method> <!-- price -->
        <test-method status="PASS" signature="afterMethod()[pri:0, instance:com.flipkart.TestNG_TC.GettingProductPrice@59f99ea]" name="afterMethod" is-config="true" duration-ms="2682" started-at="2017-10-23T21:12:51Z" finished-at="2017-10-23T21:12:54Z">
          <reporter-output>
          </reporter-output>
        </test-method> <!-- afterMethod -->
        <test-method status="PASS" signature="price(java.lang.String)[pri:0, instance:com.flipkart.TestNG_TC.GettingProductPrice@59f99ea]" name="price" duration-ms="4945" started-at="2017-10-23T21:12:54Z" data-provider="productName" finished-at="2017-10-23T21:12:59Z">
          <params>
            <param index="0">
              <value>
                <![CDATA[Watch]]>
              </value>
            </param>
          </params>
          <reporter-output>
          </reporter-output>
        </test-method> <!-- price -->
        <test-method status="PASS" signature="afterMethod()[pri:0, instance:com.flipkart.TestNG_TC.GettingProductPrice@59f99ea]" name="afterMethod" is-config="true" duration-ms="2218" started-at="2017-10-23T21:12:59Z" finished-at="2017-10-23T21:13:01Z">
          <reporter-output>
          </reporter-output>
        </test-method> <!-- afterMethod -->
      </class> <!-- com.flipkart.TestNG_TC.GettingProductPrice -->
    </test> <!-- Default test -->
  </suite> <!-- Default suite -->
</testng-results>
