<?xml version="1.0" encoding="UTF-8"?>
<!-- Generated by org.testng.reporters.JUnitXMLReporter -->
<testsuite hostname="Navaneeth" ignored="0" name="Default test" tests="5" failures="0" timestamp="23 Oct 2017 15:43:01 GMT" time="74.336" errors="0">
  <testcase name="price" time="7.801" classname="com.flipkart.TestNG_TC.GettingProductPrice"/>
  <testcase name="price" time="6.878" classname="com.flipkart.TestNG_TC.GettingProductPrice"/>
  <testcase name="price" time="5.742" classname="com.flipkart.TestNG_TC.GettingProductPrice"/>
  <testcase name="price" time="6.359" classname="com.flipkart.TestNG_TC.GettingProductPrice"/>
  <testcase name="price" time="4.945" classname="com.flipkart.TestNG_TC.GettingProductPrice"/>
</testsuite> <!-- Default test -->
