<?xml version="1.0" encoding="UTF-8"?>
<testng-results skipped="0" failed="0" ignored="5" total="16" passed="11">
  <reporter-output>
  </reporter-output>
  <suite name="Cart" duration-ms="67441" started-at="2017-10-24T19:06:29Z" finished-at="2017-10-24T19:07:36Z">
    <groups>
    </groups>
    <test name="Test" duration-ms="67441" started-at="2017-10-24T19:06:29Z" finished-at="2017-10-24T19:07:36Z">
      <class name="com.flipkart.TestNG_TC.RemovingProductFromCart">
        <test-method status="PASS" signature="f()[pri:0, instance:com.flipkart.TestNG_TC.RemovingProductFromCart@7c75222b]" name="f" duration-ms="0" started-at="2017-10-25T00:37:27Z" finished-at="2017-10-25T00:37:27Z">
          <reporter-output>
          </reporter-output>
        </test-method> <!-- f -->
        <test-method status="PASS" signature="removeFromCart()[pri:0, instance:com.flipkart.TestNG_TC.RemovingProductFromCart@7c75222b]" name="removeFromCart" duration-ms="2374" started-at="2017-10-25T00:37:27Z" finished-at="2017-10-25T00:37:29Z">
          <reporter-output>
          </reporter-output>
        </test-method> <!-- removeFromCart -->
      </class> <!-- com.flipkart.TestNG_TC.RemovingProductFromCart -->
      <class name="com.flipkart.TestNG_TC.Logout">
        <test-method status="PASS" signature="f()[pri:0, instance:com.flipkart.TestNG_TC.Logout@4c203ea1]" name="f" duration-ms="1" started-at="2017-10-25T00:37:29Z" finished-at="2017-10-25T00:37:29Z">
          <reporter-output>
          </reporter-output>
        </test-method> <!-- f -->
        <test-method status="PASS" signature="logoutFromFlipkart()[pri:0, instance:com.flipkart.TestNG_TC.Logout@4c203ea1]" name="logoutFromFlipkart" duration-ms="7005" started-at="2017-10-25T00:37:29Z" finished-at="2017-10-25T00:37:36Z">
          <reporter-output>
          </reporter-output>
        </test-method> <!-- logoutFromFlipkart -->
      </class> <!-- com.flipkart.TestNG_TC.Logout -->
      <class name="com.flipkart.TestNG_TC.AddingToCart">
        <test-method status="PASS" signature="addCart()[pri:0, instance:com.flipkart.TestNG_TC.AddingToCart@1cd072a9]" name="addCart" duration-ms="10264" started-at="2017-10-25T00:37:16Z" finished-at="2017-10-25T00:37:27Z">
          <reporter-output>
          </reporter-output>
        </test-method> <!-- addCart -->
        <test-method status="PASS" signature="f()[pri:0, instance:com.flipkart.TestNG_TC.AddingToCart@1cd072a9]" name="f" duration-ms="0" started-at="2017-10-25T00:37:27Z" finished-at="2017-10-25T00:37:27Z">
          <reporter-output>
          </reporter-output>
        </test-method> <!-- f -->
      </class> <!-- com.flipkart.TestNG_TC.AddingToCart -->
      <class name="com.flipkart.TestNG_TC.Browser">
        <test-method status="PASS" signature="init()[pri:0, instance:com.flipkart.TestNG_TC.Browser@6b71769e]" name="init" is-config="true" duration-ms="89728" started-at="2017-10-25T00:34:59Z" finished-at="2017-10-25T00:36:29Z">
          <reporter-output>
          </reporter-output>
        </test-method> <!-- init -->
        <test-method status="PASS" signature="f()[pri:0, instance:com.flipkart.TestNG_TC.Browser@6b71769e]" name="f" duration-ms="3" started-at="2017-10-25T00:36:29Z" finished-at="2017-10-25T00:36:29Z">
          <reporter-output>
          </reporter-output>
        </test-method> <!-- f -->
      </class> <!-- com.flipkart.TestNG_TC.Browser -->
      <class name="com.flipkart.TestNG_TC.SelectingProduct">
        <test-method status="PASS" signature="f()[pri:0, instance:com.flipkart.TestNG_TC.SelectingProduct@e580929]" name="f" duration-ms="1" started-at="2017-10-25T00:36:41Z" finished-at="2017-10-25T00:36:41Z">
          <reporter-output>
          </reporter-output>
        </test-method> <!-- f -->
        <test-method status="PASS" signature="selectItem()[pri:0, instance:com.flipkart.TestNG_TC.SelectingProduct@e580929]" name="selectItem" duration-ms="35194" started-at="2017-10-25T00:36:41Z" finished-at="2017-10-25T00:37:16Z">
          <reporter-output>
          </reporter-output>
        </test-method> <!-- selectItem -->
      </class> <!-- com.flipkart.TestNG_TC.SelectingProduct -->
      <class name="com.flipkart.TestNG_TC.Login">
        <test-method status="PASS" signature="f()[pri:0, instance:com.flipkart.TestNG_TC.Login@2752f6e2]" name="f" duration-ms="5" started-at="2017-10-25T00:36:29Z" finished-at="2017-10-25T00:36:29Z">
          <reporter-output>
          </reporter-output>
        </test-method> <!-- f -->
        <test-method status="PASS" signature="loginFunction(java.lang.String, java.lang.String)[pri:0, instance:com.flipkart.TestNG_TC.Login@2752f6e2]" name="loginFunction" duration-ms="7662" started-at="2017-10-25T00:36:33Z" data-provider="getExcelData" finished-at="2017-10-25T00:36:41Z">
          <params>
            <param index="0">
              <value>
                <![CDATA[knavaneeth003@gmail.com]]>
              </value>
            </param>
            <param index="1">
              <value>
                <![CDATA[flip@12345]]>
              </value>
            </param>
          </params>
          <reporter-output>
          </reporter-output>
        </test-method> <!-- loginFunction -->
      </class> <!-- com.flipkart.TestNG_TC.Login -->
    </test> <!-- Test -->
  </suite> <!-- Cart -->
</testng-results>
