<?xml version="1.0" encoding="UTF-8"?>
<testsuite name="TestSuite" time="62.524" tests="11" errors="0" skipped="0" failures="0">
  <properties>
[...]
</properties>
  <testcase name="f" classname="com.flipkart.TestNG_TC.Browser" time="0.004"/>
  <testcase name="f" classname="com.flipkart.TestNG_TC.Login" time="0.004"/>
  <testcase name="loginFunction" classname="com.flipkart.TestNG_TC.Login" time="7.663"/>
  <testcase name="f" classname="com.flipkart.TestNG_TC.SelectingProduct" time="0"/>
  <testcase name="selectItem" classname="com.flipkart.TestNG_TC.SelectingProduct" time="35.204"/>
  <testcase name="addCart" classname="com.flipkart.TestNG_TC.AddingToCart" time="10.262"/>
  <testcase name="f" classname="com.flipkart.TestNG_TC.AddingToCart" time="0"/>
  <testcase name="f" classname="com.flipkart.TestNG_TC.RemovingProductFromCart" time="0"/>
  <testcase name="removeFromCart" classname="com.flipkart.TestNG_TC.RemovingProductFromCart" time="2.379"/>
  <testcase name="f" classname="com.flipkart.TestNG_TC.Logout" time="0"/>
  <testcase name="logoutFromFlipkart" classname="com.flipkart.TestNG_TC.Logout" time="7.008"/>
</testsuite>