<?xml version="1.0" encoding="UTF-8"?>
<!-- Generated by org.testng.reporters.JUnitXMLReporter -->
<testsuite hostname="Navaneeth" ignored="5" name="Test" tests="11" failures="0" timestamp="21 Oct 2017 12:27:03 GMT" time="66.658" errors="0">
  <testcase name="f" time="0.018" classname="com.flipkart.TestNG_TC.Browser"/>
  <testcase name="f" time="0.002" classname="com.flipkart.TestNG_TC.Browser"/>
  <testcase name="loginFunction" time="8.337" classname="com.flipkart.TestNG_TC.Login"/>
  <testcase name="f" time="0.005" classname="com.flipkart.TestNG_TC.Browser"/>
  <testcase name="selectItem" time="39.498" classname="com.flipkart.TestNG_TC.SelectingProduct"/>
  <testcase name="addCart" time="5.759" classname="com.flipkart.TestNG_TC.AddingToCart"/>
  <testcase name="f" time="0.006" classname="com.flipkart.TestNG_TC.Browser"/>
  <testcase name="f" time="0.006" classname="com.flipkart.TestNG_TC.Browser"/>
  <testcase name="removeFromCart" time="3.364" classname="com.flipkart.TestNG_TC.RemovingProductFromCart"/>
  <testcase name="f" time="0.002" classname="com.flipkart.TestNG_TC.Browser"/>
  <testcase name="logoutFromFlipkart" time="6.783" classname="com.flipkart.TestNG_TC.Logout"/>
  <testcase name="@BeforeSuite init" time="0.0" classname="com.flipkart.TestNG_TC.Browser">
    <ignored/>
  </testcase> <!-- @BeforeSuite init -->
  <testcase name="@BeforeSuite init" time="0.0" classname="com.flipkart.TestNG_TC.Browser">
    <ignored/>
  </testcase> <!-- @BeforeSuite init -->
  <testcase name="@BeforeSuite init" time="0.0" classname="com.flipkart.TestNG_TC.Browser">
    <ignored/>
  </testcase> <!-- @BeforeSuite init -->
  <testcase name="@BeforeSuite init" time="0.0" classname="com.flipkart.TestNG_TC.Browser">
    <ignored/>
  </testcase> <!-- @BeforeSuite init -->
  <testcase name="@BeforeSuite init" time="0.0" classname="com.flipkart.TestNG_TC.Browser">
    <ignored/>
  </testcase> <!-- @BeforeSuite init -->
</testsuite> <!-- Test -->
