<?xml version="1.0" encoding="UTF-8"?>
<!-- Generated by org.testng.reporters.JUnitXMLReporter -->
<testsuite hostname="Navaneeth" ignored="0" name="chromeTest" tests="11" failures="0" timestamp="21 Oct 2017 06:39:24 GMT" time="3.074" errors="0">
  <testcase name="@BeforeMethod initializingBrowser" time="0.334" classname="com.flipkart.TestNG_TC.Browser">
    <failure type="java.lang.IllegalStateException" message="The driver executable does not exist: C:\New folder (2)\Flipkart\MicrosoftwebDriver.exe">
      <![CDATA[java.lang.IllegalStateException: The driver executable does not exist: C:\New folder (2)\Flipkart\MicrosoftwebDriver.exe
	at com.google.common.base.Preconditions.checkState(Preconditions.java:199)
	at org.openqa.selenium.remote.service.DriverService.checkExecutable(DriverService.java:121)
	at org.openqa.selenium.remote.service.DriverService.findExecutable(DriverService.java:116)
	at org.openqa.selenium.edge.EdgeDriverService.access$000(EdgeDriverService.java:33)
	at org.openqa.selenium.edge.EdgeDriverService$Builder.findDefaultExecutable(EdgeDriverService.java:63)
	at org.openqa.selenium.remote.service.DriverService$Builder.build(DriverService.java:296)
	at org.openqa.selenium.edge.EdgeDriverService.createDefaultService(EdgeDriverService.java:55)
	at org.openqa.selenium.edge.EdgeDriver.<init>(EdgeDriver.java:98)
	at com.flipkart.TestNG_TC.Browser.initializingBrowser(Browser.java:35)
	at java.util.concurrent.FutureTask.run(Unknown Source)
	at java.util.concurrent.ThreadPoolExecutor.runWorker(Unknown Source)
	at java.util.concurrent.ThreadPoolExecutor$Worker.run(Unknown Source)
	at java.lang.Thread.run(Unknown Source)
... Removed 18 stack frames]]>
    </failure>
  </testcase> <!-- @BeforeMethod initializingBrowser -->
  <testcase name="@BeforeMethod initializingBrowser" time="0.0" classname="com.flipkart.TestNG_TC.Browser">
    <skipped/>
  </testcase> <!-- @BeforeMethod initializingBrowser -->
  <testcase name="@BeforeMethod initializingBrowser" time="0.0" classname="com.flipkart.TestNG_TC.Browser">
    <skipped/>
  </testcase> <!-- @BeforeMethod initializingBrowser -->
  <testcase name="@BeforeMethod initializingBrowser" time="0.0" classname="com.flipkart.TestNG_TC.Browser">
    <skipped/>
  </testcase> <!-- @BeforeMethod initializingBrowser -->
  <testcase name="@BeforeMethod initializingBrowser" time="0.0" classname="com.flipkart.TestNG_TC.Browser">
    <skipped/>
  </testcase> <!-- @BeforeMethod initializingBrowser -->
  <testcase name="@BeforeMethod initializingBrowser" time="0.0" classname="com.flipkart.TestNG_TC.Browser">
    <skipped/>
  </testcase> <!-- @BeforeMethod initializingBrowser -->
  <testcase name="@BeforeMethod initializingBrowser" time="0.0" classname="com.flipkart.TestNG_TC.Browser">
    <skipped/>
  </testcase> <!-- @BeforeMethod initializingBrowser -->
  <testcase name="@BeforeMethod initializingBrowser" time="0.0" classname="com.flipkart.TestNG_TC.Browser">
    <skipped/>
  </testcase> <!-- @BeforeMethod initializingBrowser -->
  <testcase name="@BeforeMethod initializingBrowser" time="0.0" classname="com.flipkart.TestNG_TC.Browser">
    <skipped/>
  </testcase> <!-- @BeforeMethod initializingBrowser -->
  <testcase name="@BeforeMethod initializingBrowser" time="0.0" classname="com.flipkart.TestNG_TC.Browser">
    <skipped/>
  </testcase> <!-- @BeforeMethod initializingBrowser -->
  <testcase name="@BeforeMethod initializingBrowser" time="0.0" classname="com.flipkart.TestNG_TC.Browser">
    <skipped/>
  </testcase> <!-- @BeforeMethod initializingBrowser -->
  <testcase name="f" time="0.033" classname="com.flipkart.TestNG_TC.Browser">
    <skipped/>
  </testcase> <!-- f -->
  <testcase name="f" time="0.0" classname="com.flipkart.TestNG_TC.Browser">
    <skipped/>
  </testcase> <!-- f -->
  <testcase name="loginFunction" time="0.001" classname="com.flipkart.TestNG_TC.Login">
    <skipped/>
  </testcase> <!-- loginFunction -->
  <testcase name="f" time="0.0" classname="com.flipkart.TestNG_TC.Browser">
    <skipped/>
  </testcase> <!-- f -->
  <testcase name="selectItem" time="0.0" classname="com.flipkart.TestNG_TC.SelectingProduct">
    <skipped/>
  </testcase> <!-- selectItem -->
  <testcase name="addCart" time="0.0" classname="com.flipkart.TestNG_TC.AddingToCart">
    <skipped/>
  </testcase> <!-- addCart -->
  <testcase name="f" time="0.0" classname="com.flipkart.TestNG_TC.Browser">
    <skipped/>
  </testcase> <!-- f -->
  <testcase name="f" time="0.0" classname="com.flipkart.TestNG_TC.Browser">
    <skipped/>
  </testcase> <!-- f -->
  <testcase name="removeFromCart" time="0.0" classname="com.flipkart.TestNG_TC.RemovingProductFromCart">
    <skipped/>
  </testcase> <!-- removeFromCart -->
  <testcase name="f" time="0.0" classname="com.flipkart.TestNG_TC.Browser">
    <skipped/>
  </testcase> <!-- f -->
  <testcase name="logoutFromFlipkart" time="0.0" classname="com.flipkart.TestNG_TC.Logout">
    <skipped/>
  </testcase> <!-- logoutFromFlipkart -->
</testsuite> <!-- chromeTest -->
