<?xml version="1.0" encoding="UTF-8"?>
<!-- Generated by org.testng.reporters.JUnitXMLReporter -->
<testsuite hostname="Navaneeth" ignored="5" name="Test" tests="11" failures="0" timestamp="24 Oct 2017 19:07:38 GMT" time="67.441" errors="0">
  <testcase name="f" time="0.003" classname="com.flipkart.TestNG_TC.Browser"/>
  <testcase name="f" time="0.005" classname="com.flipkart.TestNG_TC.Browser"/>
  <testcase name="loginFunction" time="7.662" classname="com.flipkart.TestNG_TC.Login"/>
  <testcase name="f" time="0.001" classname="com.flipkart.TestNG_TC.Browser"/>
  <testcase name="selectItem" time="35.194" classname="com.flipkart.TestNG_TC.SelectingProduct"/>
  <testcase name="addCart" time="10.264" classname="com.flipkart.TestNG_TC.AddingToCart"/>
  <testcase name="f" time="0.0" classname="com.flipkart.TestNG_TC.Browser"/>
  <testcase name="f" time="0.0" classname="com.flipkart.TestNG_TC.Browser"/>
  <testcase name="removeFromCart" time="2.374" classname="com.flipkart.TestNG_TC.RemovingProductFromCart"/>
  <testcase name="f" time="0.001" classname="com.flipkart.TestNG_TC.Browser"/>
  <testcase name="logoutFromFlipkart" time="7.005" classname="com.flipkart.TestNG_TC.Logout"/>
  <testcase name="@BeforeSuite init" time="0.0" classname="com.flipkart.TestNG_TC.Browser">
    <ignored/>
  </testcase> <!-- @BeforeSuite init -->
  <testcase name="@BeforeSuite init" time="0.0" classname="com.flipkart.TestNG_TC.Browser">
    <ignored/>
  </testcase> <!-- @BeforeSuite init -->
  <testcase name="@BeforeSuite init" time="0.0" classname="com.flipkart.TestNG_TC.Browser">
    <ignored/>
  </testcase> <!-- @BeforeSuite init -->
  <testcase name="@BeforeSuite init" time="0.0" classname="com.flipkart.TestNG_TC.Browser">
    <ignored/>
  </testcase> <!-- @BeforeSuite init -->
  <testcase name="@BeforeSuite init" time="0.0" classname="com.flipkart.TestNG_TC.Browser">
    <ignored/>
  </testcase> <!-- @BeforeSuite init -->
</testsuite> <!-- Test -->
